mode: set
hexagonal-example/internal/core/domain/bank/account.go:10.48,12.2 1 1
hexagonal-example/internal/core/domain/bank/account.go:14.52,15.30 1 1
hexagonal-example/internal/core/domain/bank/account.go:19.2,21.12 2 1
hexagonal-example/internal/core/domain/bank/account.go:15.30,17.3 1 1
hexagonal-example/internal/repositories/memory-db.go:12.30,17.2 2 1
hexagonal-example/internal/repositories/memory-db.go:19.66,23.20 2 1
hexagonal-example/internal/repositories/memory-db.go:27.2,27.21 1 1
hexagonal-example/internal/repositories/memory-db.go:23.20,25.3 1 1
hexagonal-example/internal/repositories/memory-db.go:30.58,33.2 2 1
hexagonal-example/internal/core/service/service.go:12.64,16.2 1 1
hexagonal-example/internal/core/service/service.go:18.70,20.16 2 1
hexagonal-example/internal/core/service/service.go:24.2,25.16 2 1
hexagonal-example/internal/core/service/service.go:29.2,29.12 1 1
hexagonal-example/internal/core/service/service.go:20.16,22.3 1 0
hexagonal-example/internal/core/service/service.go:25.16,27.3 1 0
hexagonal-example/internal/core/service/service.go:32.53,34.16 2 1
hexagonal-example/internal/core/service/service.go:38.2,38.31 1 1
hexagonal-example/internal/core/service/service.go:34.16,37.3 2 0
